# JRE version: Java(TM) SE Runtime Environment (8.0_181-b13) (build 1.8.0_181-b13)
# Java VM: Java HotSpot(TM) 64-Bit Server VM (25.181-b13 mixed mode windows-amd64 compressed oops)
Heap:
 PSYoungGen      total 72704K, used 59860K [0x00000000d5580000, 0x00000000db980000, 0x0000000100000000)
  eden space 65024K, 88% used [0x00000000d5580000,0x00000000d8dd5078,0x00000000d9500000)
  from space 7680K, 28% used [0x00000000d9500000,0x00000000d9720150,0x00000000d9c80000)
  to   space 8192K, 0% used [0x00000000db180000,0x00000000db180000,0x00000000db980000)
 ParOldGen       total 57856K, used 8397K [0x0000000080000000, 0x0000000083880000, 0x00000000d5580000)
  object space 57856K, 14% used [0x0000000080000000,0x00000000808336c0,0x0000000083880000)
 Metaspace       used 21706K, capacity 22176K, committed 22192K, reserved 1069056K
  class space    used 2413K, capacity 2560K, committed 2560K, reserved 1048576K
GC Heap History (10 events):
Event: 1.346 GC heap before
{Heap before GC invocations=6 (full 0):
 PSYoungGen      total 37888K, used 37886K [0x00000000d5580000, 0x00000000da380000, 0x0000000100000000)
  eden space 32768K, 100% used [0x00000000d5580000,0x00000000d7580000,0x00000000d7580000)
  from space 5120K, 99% used [0x00000000d7580000,0x00000000d7a7fa10,0x00000000d7a80000)
  to   space 7168K, 0% used [0x00000000d9c80000,0x00000000d9c80000,0x00000000da380000)
 ParOldGen       total 86016K, used 1689K [0x0000000080000000, 0x0000000085400000, 0x00000000d5580000)
  object space 86016K, 1% used [0x0000000080000000,0x00000000801a6578,0x0000000085400000)
 Metaspace       used 16465K, capacity 16720K, committed 17024K, reserved 1064960K
  class space    used 1784K, capacity 1876K, committed 1920K, reserved 1048576K
Event: 1.350 GC heap after
Heap after GC invocations=6 (full 0):
 PSYoungGen      total 72192K, used 7101K [0x00000000d5580000, 0x00000000da480000, 0x0000000100000000)
  eden space 65024K, 0% used [0x00000000d5580000,0x00000000d5580000,0x00000000d9500000)
  from space 7168K, 99% used [0x00000000d9c80000,0x00000000da36f6f8,0x00000000da380000)
  to   space 7680K, 0% used [0x00000000d9500000,0x00000000d9500000,0x00000000d9c80000)
 ParOldGen       total 86016K, used 1697K [0x0000000080000000, 0x0000000085400000, 0x00000000d5580000)
  object space 86016K, 1% used [0x0000000080000000,0x00000000801a8578,0x0000000085400000)
 Metaspace       used 16465K, capacity 16720K, committed 17024K, reserved 1064960K
  class space    used 1784K, capacity 1876K, committed 1920K, reserved 1048576K
}
Event: 1.807 GC heap before
{Heap before GC invocations=7 (full 0):
 PSYoungGen      total 72192K, used 72125K [0x00000000d5580000, 0x00000000da480000, 0x0000000100000000)
  eden space 65024K, 100% used [0x00000000d5580000,0x00000000d9500000,0x00000000d9500000)
  from space 7168K, 99% used [0x00000000d9c80000,0x00000000da36f6f8,0x00000000da380000)
  to   space 7680K, 0% used [0x00000000d9500000,0x00000000d9500000,0x00000000d9c80000)
 ParOldGen       total 86016K, used 1697K [0x0000000080000000, 0x0000000085400000, 0x00000000d5580000)
  object space 86016K, 1% used [0x0000000080000000,0x00000000801a8578,0x0000000085400000)
 Metaspace       used 20105K, capacity 20422K, committed 20608K, reserved 1067008K
  class space    used 2251K, capacity 2361K, committed 2432K, reserved 1048576K
Event: 1.813 GC heap after
Heap after GC invocations=7 (full 0):
 PSYoungGen      total 72704K, used 6237K [0x00000000d5580000, 0x00000000da480000, 0x0000000100000000)
  eden space 65024K, 0% used [0x00000000d5580000,0x00000000d5580000,0x00000000d9500000)
  from space 7680K, 81% used [0x00000000d9500000,0x00000000d9b17600,0x00000000d9c80000)
  to   space 7168K, 0% used [0x00000000d9c80000,0x00000000d9c80000,0x00000000da380000)
 ParOldGen       total 86016K, used 4999K [0x0000000080000000, 0x0000000085400000, 0x00000000d5580000)
  object space 86016K, 5% used [0x0000000080000000,0x00000000804e1e08,0x0000000085400000)
 Metaspace       used 20105K, capacity 20422K, committed 20608K, reserved 1067008K
  class space    used 2251K, capacity 2361K, committed 2432K, reserved 1048576K
}
Event: 1.860 GC heap before
{Heap before GC invocations=8 (full 0):
 PSYoungGen      total 72704K, used 38679K [0x00000000d5580000, 0x00000000da480000, 0x0000000100000000)
  eden space 65024K, 49% used [0x00000000d5580000,0x00000000d752e700,0x00000000d9500000)
  from space 7680K, 81% used [0x00000000d9500000,0x00000000d9b17600,0x00000000d9c80000)
  to   space 7168K, 0% used [0x00000000d9c80000,0x00000000d9c80000,0x00000000da380000)
 ParOldGen       total 86016K, used 4999K [0x0000000080000000, 0x0000000085400000, 0x00000000d5580000)
  object space 86016K, 5% used [0x0000000080000000,0x00000000804e1e08,0x0000000085400000)
 Metaspace       used 20829K, capacity 21130K, committed 21296K, reserved 1069056K
  class space    used 2329K, capacity 2427K, committed 2432K, reserved 1048576K
Event: 1.863 GC heap after
Heap after GC invocations=8 (full 0):
 PSYoungGen      total 72192K, used 3984K [0x00000000d5580000, 0x00000000da480000, 0x0000000100000000)
  eden space 65024K, 0% used [0x00000000d5580000,0x00000000d5580000,0x00000000d9500000)
  from space 7168K, 55% used [0x00000000d9c80000,0x00000000da064020,0x00000000da380000)
  to   space 7680K, 0% used [0x00000000d9500000,0x00000000d9500000,0x00000000d9c80000)
 ParOldGen       total 86016K, used 5651K [0x0000000080000000, 0x0000000085400000, 0x00000000d5580000)
  object space 86016K, 6% used [0x0000000080000000,0x0000000080584e38,0x0000000085400000)
 Metaspace       used 20829K, capacity 21130K, committed 21296K, reserved 1069056K
  class space    used 2329K, capacity 2427K, committed 2432K, reserved 1048576K
}
Event: 1.863 GC heap before
{Heap before GC invocations=9 (full 1):
 PSYoungGen      total 72192K, used 3984K [0x00000000d5580000, 0x00000000da480000, 0x0000000100000000)
  eden space 65024K, 0% used [0x00000000d5580000,0x00000000d5580000,0x00000000d9500000)
  from space 7168K, 55% used [0x00000000d9c80000,0x00000000da064020,0x00000000da380000)
  to   space 7680K, 0% used [0x00000000d9500000,0x00000000d9500000,0x00000000d9c80000)
 ParOldGen       total 86016K, used 5651K [0x0000000080000000, 0x0000000085400000, 0x00000000d5580000)
  object space 86016K, 6% used [0x0000000080000000,0x0000000080584e38,0x0000000085400000)
 Metaspace       used 20829K, capacity 21130K, committed 21296K, reserved 1069056K
  class space    used 2329K, capacity 2427K, committed 2432K, reserved 1048576K
Event: 1.898 GC heap after
Heap after GC invocations=9 (full 1):
 PSYoungGen      total 72192K, used 0K [0x00000000d5580000, 0x00000000da480000, 0x0000000100000000)
  eden space 65024K, 0% used [0x00000000d5580000,0x00000000d5580000,0x00000000d9500000)
  from space 7168K, 0% used [0x00000000d9c80000,0x00000000d9c80000,0x00000000da380000)
  to   space 7680K, 0% used [0x00000000d9500000,0x00000000d9500000,0x00000000d9c80000)
 ParOldGen       total 57856K, used 8397K [0x0000000080000000, 0x0000000083880000, 0x00000000d5580000)
  object space 57856K, 14% used [0x0000000080000000,0x00000000808336c0,0x0000000083880000)
 Metaspace       used 20829K, capacity 21130K, committed 21296K, reserved 1069056K
  class space    used 2329K, capacity 2427K, committed 2432K, reserved 1048576K
}
Event: 2.140 GC heap before
{Heap before GC invocations=10 (full 1):
 PSYoungGen      total 72192K, used 65024K [0x00000000d5580000, 0x00000000da480000, 0x0000000100000000)
  eden space 65024K, 100% used [0x00000000d5580000,0x00000000d9500000,0x00000000d9500000)
  from space 7168K, 0% used [0x00000000d9c80000,0x00000000d9c80000,0x00000000da380000)
  to   space 7680K, 0% used [0x00000000d9500000,0x00000000d9500000,0x00000000d9c80000)
 ParOldGen       total 57856K, used 8397K [0x0000000080000000, 0x0000000083880000, 0x00000000d5580000)
  object space 57856K, 14% used [0x0000000080000000,0x00000000808336c0,0x0000000083880000)
 Metaspace       used 21215K, capacity 21534K, committed 21936K, reserved 1069056K
  class space    used 2372K, capacity 2478K, committed 2560K, reserved 1048576K
Event: 2.142 GC heap after
Heap after GC invocations=10 (full 1):
 PSYoungGen      total 72704K, used 2176K [0x00000000d5580000, 0x00000000db980000, 0x0000000100000000)
  eden space 65024K, 0% used [0x00000000d5580000,0x00000000d5580000,0x00000000d9500000)
  from space 7680K, 28% used [0x00000000d9500000,0x00000000d9720150,0x00000000d9c80000)
  to   space 8192K, 0% used [0x00000000db180000,0x00000000db180000,0x00000000db980000)
 ParOldGen       total 57856K, used 8397K [0x0000000080000000, 0x0000000083880000, 0x00000000d5580000)
  object space 57856K, 14% used [0x0000000080000000,0x00000000808336c0,0x0000000083880000)
 Metaspace       used 21215K, capacity 21534K, committed 21936K, reserved 1069056K
  class space    used 2372K, capacity 2478K, committed 2560K, reserved 1048576K
}

