# JRE version: Java(TM) SE Runtime Environment (8.0_181-b13) (build 1.8.0_181-b13)
# Java VM: Java HotSpot(TM) 64-Bit Server VM (25.181-b13 mixed mode windows-amd64 compressed oops)
Heap:
 PSYoungGen      total 179712K, used 46019K [0x00000000d5580000, 0x00000000e4500000, 0x0000000100000000)
  eden space 171008K, 21% used [0x00000000d5580000,0x00000000d79f5168,0x00000000dfc80000)
  from space 8704K, 99% used [0x00000000dfc80000,0x00000000e04fbde0,0x00000000e0500000)
  to   space 12800K, 0% used [0x00000000e3880000,0x00000000e3880000,0x00000000e4500000)
 ParOldGen       total 55808K, used 17767K [0x0000000080000000, 0x0000000083680000, 0x00000000d5580000)
  object space 55808K, 31% used [0x0000000080000000,0x0000000081159ca8,0x0000000083680000)
 Metaspace       used 30704K, capacity 31332K, committed 31360K, reserved 1077248K
  class space    used 3511K, capacity 3710K, committed 3712K, reserved 1048576K
GC Heap History (10 events):
Event: 1.818 GC heap before
{Heap before GC invocations=8 (full 0):
 PSYoungGen      total 72192K, used 23075K [0x00000000d5580000, 0x00000000de280000, 0x0000000100000000)
  eden space 64512K, 25% used [0x00000000d5580000,0x00000000d65d39a0,0x00000000d9480000)
  from space 7680K, 82% used [0x00000000d9480000,0x00000000d9ab5648,0x00000000d9c00000)
  to   space 7680K, 0% used [0x00000000ddb00000,0x00000000ddb00000,0x00000000de280000)
 ParOldGen       total 86016K, used 5224K [0x0000000080000000, 0x0000000085400000, 0x00000000d5580000)
  object space 86016K, 6% used [0x0000000080000000,0x000000008051a038,0x0000000085400000)
 Metaspace       used 20804K, capacity 21138K, committed 21296K, reserved 1069056K
  class space    used 2329K, capacity 2427K, committed 2432K, reserved 1048576K
Event: 1.822 GC heap after
Heap after GC invocations=8 (full 0):
 PSYoungGen      total 136192K, used 3888K [0x00000000d5580000, 0x00000000de380000, 0x0000000100000000)
  eden space 128512K, 0% used [0x00000000d5580000,0x00000000d5580000,0x00000000dd300000)
  from space 7680K, 50% used [0x00000000ddb00000,0x00000000ddecc010,0x00000000de280000)
  to   space 8192K, 0% used [0x00000000dd300000,0x00000000dd300000,0x00000000ddb00000)
 ParOldGen       total 86016K, used 6064K [0x0000000080000000, 0x0000000085400000, 0x00000000d5580000)
  object space 86016K, 7% used [0x0000000080000000,0x00000000805ec110,0x0000000085400000)
 Metaspace       used 20804K, capacity 21138K, committed 21296K, reserved 1069056K
  class space    used 2329K, capacity 2427K, committed 2432K, reserved 1048576K
}
Event: 1.822 GC heap before
{Heap before GC invocations=9 (full 1):
 PSYoungGen      total 136192K, used 3888K [0x00000000d5580000, 0x00000000de380000, 0x0000000100000000)
  eden space 128512K, 0% used [0x00000000d5580000,0x00000000d5580000,0x00000000dd300000)
  from space 7680K, 50% used [0x00000000ddb00000,0x00000000ddecc010,0x00000000de280000)
  to   space 8192K, 0% used [0x00000000dd300000,0x00000000dd300000,0x00000000ddb00000)
 ParOldGen       total 86016K, used 6064K [0x0000000080000000, 0x0000000085400000, 0x00000000d5580000)
  object space 86016K, 7% used [0x0000000080000000,0x00000000805ec110,0x0000000085400000)
 Metaspace       used 20804K, capacity 21138K, committed 21296K, reserved 1069056K
  class space    used 2329K, capacity 2427K, committed 2432K, reserved 1048576K
Event: 1.855 GC heap after
Heap after GC invocations=9 (full 1):
 PSYoungGen      total 136192K, used 0K [0x00000000d5580000, 0x00000000de380000, 0x0000000100000000)
  eden space 128512K, 0% used [0x00000000d5580000,0x00000000d5580000,0x00000000dd300000)
  from space 7680K, 0% used [0x00000000ddb00000,0x00000000ddb00000,0x00000000de280000)
  to   space 8192K, 0% used [0x00000000dd300000,0x00000000dd300000,0x00000000ddb00000)
 ParOldGen       total 55808K, used 8377K [0x0000000080000000, 0x0000000083680000, 0x00000000d5580000)
  object space 55808K, 15% used [0x0000000080000000,0x000000008082e670,0x0000000083680000)
 Metaspace       used 20804K, capacity 21138K, committed 21296K, reserved 1069056K
  class space    used 2329K, capacity 2427K, committed 2432K, reserved 1048576K
}
Event: 2.414 GC heap before
{Heap before GC invocations=10 (full 1):
 PSYoungGen      total 136192K, used 128512K [0x00000000d5580000, 0x00000000de380000, 0x0000000100000000)
  eden space 128512K, 100% used [0x00000000d5580000,0x00000000dd300000,0x00000000dd300000)
  from space 7680K, 0% used [0x00000000ddb00000,0x00000000ddb00000,0x00000000de280000)
  to   space 8192K, 0% used [0x00000000dd300000,0x00000000dd300000,0x00000000ddb00000)
 ParOldGen       total 55808K, used 8377K [0x0000000080000000, 0x0000000083680000, 0x00000000d5580000)
  object space 55808K, 15% used [0x0000000080000000,0x000000008082e670,0x0000000083680000)
 Metaspace       used 21710K, capacity 22138K, committed 22320K, reserved 1069056K
  class space    used 2414K, capacity 2566K, committed 2688K, reserved 1048576K
Event: 2.417 GC heap after
Heap after GC invocations=10 (full 1):
 PSYoungGen      total 136704K, used 3341K [0x00000000d5580000, 0x00000000e0e80000, 0x0000000100000000)
  eden space 128512K, 0% used [0x00000000d5580000,0x00000000d5580000,0x00000000dd300000)
  from space 8192K, 40% used [0x00000000dd300000,0x00000000dd6435d8,0x00000000ddb00000)
  to   space 8192K, 0% used [0x00000000e0680000,0x00000000e0680000,0x00000000e0e80000)
 ParOldGen       total 55808K, used 8385K [0x0000000080000000, 0x0000000083680000, 0x00000000d5580000)
  object space 55808K, 15% used [0x0000000080000000,0x0000000080830670,0x0000000083680000)
 Metaspace       used 21710K, capacity 22138K, committed 22320K, reserved 1069056K
  class space    used 2414K, capacity 2566K, committed 2688K, reserved 1048576K
}
Event: 2.847 GC heap before
{Heap before GC invocations=11 (full 1):
 PSYoungGen      total 136704K, used 131853K [0x00000000d5580000, 0x00000000e0e80000, 0x0000000100000000)
  eden space 128512K, 100% used [0x00000000d5580000,0x00000000dd300000,0x00000000dd300000)
  from space 8192K, 40% used [0x00000000dd300000,0x00000000dd6435d8,0x00000000ddb00000)
  to   space 8192K, 0% used [0x00000000e0680000,0x00000000e0680000,0x00000000e0e80000)
 ParOldGen       total 55808K, used 8385K [0x0000000080000000, 0x0000000083680000, 0x00000000d5580000)
  object space 55808K, 15% used [0x0000000080000000,0x0000000080830670,0x0000000083680000)
 Metaspace       used 22211K, capacity 22670K, committed 22832K, reserved 1069056K
  class space    used 2456K, capacity 2614K, committed 2688K, reserved 1048576K
Event: 2.851 GC heap after
Heap after GC invocations=11 (full 1):
 PSYoungGen      total 177152K, used 7139K [0x00000000d5580000, 0x00000000e0d80000, 0x0000000100000000)
  eden space 169984K, 0% used [0x00000000d5580000,0x00000000d5580000,0x00000000dfb80000)
  from space 7168K, 99% used [0x00000000e0680000,0x00000000e0d78c88,0x00000000e0d80000)
  to   space 8704K, 0% used [0x00000000dfc80000,0x00000000dfc80000,0x00000000e0500000)
 ParOldGen       total 55808K, used 8393K [0x0000000080000000, 0x0000000083680000, 0x00000000d5580000)
  object space 55808K, 15% used [0x0000000080000000,0x0000000080832670,0x0000000083680000)
 Metaspace       used 22211K, capacity 22670K, committed 22832K, reserved 1069056K
  class space    used 2456K, capacity 2614K, committed 2688K, reserved 1048576K
}
Event: 5.029 GC heap before
{Heap before GC invocations=12 (full 1):
 PSYoungGen      total 177152K, used 177123K [0x00000000d5580000, 0x00000000e0d80000, 0x0000000100000000)
  eden space 169984K, 100% used [0x00000000d5580000,0x00000000dfb80000,0x00000000dfb80000)
  from space 7168K, 99% used [0x00000000e0680000,0x00000000e0d78c88,0x00000000e0d80000)
  to   space 8704K, 0% used [0x00000000dfc80000,0x00000000dfc80000,0x00000000e0500000)
 ParOldGen       total 55808K, used 8393K [0x0000000080000000, 0x0000000083680000, 0x00000000d5580000)
  object space 55808K, 15% used [0x0000000080000000,0x0000000080832670,0x0000000083680000)
 Metaspace       used 30479K, capacity 31022K, committed 31104K, reserved 1077248K
  class space    used 3500K, capacity 3696K, committed 3712K, reserved 1048576K
Event: 5.041 GC heap after
Heap after GC invocations=12 (full 1):
 PSYoungGen      total 179712K, used 8687K [0x00000000d5580000, 0x00000000e4500000, 0x0000000100000000)
  eden space 171008K, 0% used [0x00000000d5580000,0x00000000d5580000,0x00000000dfc80000)
  from space 8704K, 99% used [0x00000000dfc80000,0x00000000e04fbde0,0x00000000e0500000)
  to   space 12800K, 0% used [0x00000000e3880000,0x00000000e3880000,0x00000000e4500000)
 ParOldGen       total 55808K, used 17767K [0x0000000080000000, 0x0000000083680000, 0x00000000d5580000)
  object space 55808K, 31% used [0x0000000080000000,0x0000000081159ca8,0x0000000083680000)
 Metaspace       used 30479K, capacity 31022K, committed 31104K, reserved 1077248K
  class space    used 3500K, capacity 3696K, committed 3712K, reserved 1048576K
}

