# JRE version: Java(TM) SE Runtime Environment (8.0_181-b13) (build 1.8.0_181-b13)
# Java VM: Java HotSpot(TM) 64-Bit Server VM (25.181-b13 mixed mode windows-amd64 compressed oops)
Heap:
 PSYoungGen      total 262656K, used 47475K [0x00000000d5580000, 0x00000000e7a80000, 0x0000000100000000)
  eden space 252928K, 14% used [0x00000000d5580000,0x00000000d7a5fb90,0x00000000e4c80000)
  from space 9728K, 99% used [0x00000000e4c80000,0x00000000e55fd468,0x00000000e5600000)
  to   space 11776K, 0% used [0x00000000e6f00000,0x00000000e6f00000,0x00000000e7a80000)
 ParOldGen       total 56320K, used 10771K [0x0000000080000000, 0x0000000083700000, 0x00000000d5580000)
  object space 56320K, 19% used [0x0000000080000000,0x0000000080a84e40,0x0000000083700000)
 Metaspace       used 28050K, capacity 28590K, committed 28800K, reserved 1075200K
  class space    used 3172K, capacity 3383K, committed 3456K, reserved 1048576K
GC Heap History (10 events):
Event: 1.794 GC heap before
{Heap before GC invocations=6 (full 0):
 PSYoungGen      total 70656K, used 70652K [0x00000000d5580000, 0x00000000de580000, 0x0000000100000000)
  eden space 65536K, 100% used [0x00000000d5580000,0x00000000d9580000,0x00000000d9580000)
  from space 5120K, 99% used [0x00000000d9580000,0x00000000d9a7f320,0x00000000d9a80000)
  to   space 8192K, 0% used [0x00000000ddd80000,0x00000000ddd80000,0x00000000de580000)
 ParOldGen       total 86016K, used 3502K [0x0000000080000000, 0x0000000085400000, 0x00000000d5580000)
  object space 86016K, 4% used [0x0000000080000000,0x000000008036b898,0x0000000085400000)
 Metaspace       used 20099K, capacity 20454K, committed 20608K, reserved 1067008K
  class space    used 2253K, capacity 2393K, committed 2432K, reserved 1048576K
Event: 1.799 GC heap after
Heap after GC invocations=6 (full 0):
 PSYoungGen      total 137728K, used 8182K [0x00000000d5580000, 0x00000000de880000, 0x0000000100000000)
  eden space 129536K, 0% used [0x00000000d5580000,0x00000000d5580000,0x00000000dd400000)
  from space 8192K, 99% used [0x00000000ddd80000,0x00000000de57d928,0x00000000de580000)
  to   space 9728K, 0% used [0x00000000dd400000,0x00000000dd400000,0x00000000ddd80000)
 ParOldGen       total 86016K, used 4188K [0x0000000080000000, 0x0000000085400000, 0x00000000d5580000)
  object space 86016K, 4% used [0x0000000080000000,0x0000000080417148,0x0000000085400000)
 Metaspace       used 20099K, capacity 20454K, committed 20608K, reserved 1067008K
  class space    used 2253K, capacity 2393K, committed 2432K, reserved 1048576K
}
Event: 1.855 GC heap before
{Heap before GC invocations=7 (full 0):
 PSYoungGen      total 137728K, used 28891K [0x00000000d5580000, 0x00000000de880000, 0x0000000100000000)
  eden space 129536K, 15% used [0x00000000d5580000,0x00000000d69b95e8,0x00000000dd400000)
  from space 8192K, 99% used [0x00000000ddd80000,0x00000000de57d928,0x00000000de580000)
  to   space 9728K, 0% used [0x00000000dd400000,0x00000000dd400000,0x00000000ddd80000)
 ParOldGen       total 86016K, used 4188K [0x0000000080000000, 0x0000000085400000, 0x00000000d5580000)
  object space 86016K, 4% used [0x0000000080000000,0x0000000080417148,0x0000000085400000)
 Metaspace       used 20827K, capacity 21130K, committed 21296K, reserved 1069056K
  class space    used 2334K, capacity 2427K, committed 2432K, reserved 1048576K
Event: 1.860 GC heap after
Heap after GC invocations=7 (full 0):
 PSYoungGen      total 139264K, used 4176K [0x00000000d5580000, 0x00000000e6580000, 0x0000000100000000)
  eden space 129536K, 0% used [0x00000000d5580000,0x00000000d5580000,0x00000000dd400000)
  from space 9728K, 42% used [0x00000000dd400000,0x00000000dd814010,0x00000000ddd80000)
  to   space 9728K, 0% used [0x00000000e5c00000,0x00000000e5c00000,0x00000000e6580000)
 ParOldGen       total 86016K, used 7422K [0x0000000080000000, 0x0000000085400000, 0x00000000d5580000)
  object space 86016K, 8% used [0x0000000080000000,0x000000008073f9c0,0x0000000085400000)
 Metaspace       used 20827K, capacity 21130K, committed 21296K, reserved 1069056K
  class space    used 2334K, capacity 2427K, committed 2432K, reserved 1048576K
}
Event: 1.860 GC heap before
{Heap before GC invocations=8 (full 1):
 PSYoungGen      total 139264K, used 4176K [0x00000000d5580000, 0x00000000e6580000, 0x0000000100000000)
  eden space 129536K, 0% used [0x00000000d5580000,0x00000000d5580000,0x00000000dd400000)
  from space 9728K, 42% used [0x00000000dd400000,0x00000000dd814010,0x00000000ddd80000)
  to   space 9728K, 0% used [0x00000000e5c00000,0x00000000e5c00000,0x00000000e6580000)
 ParOldGen       total 86016K, used 7422K [0x0000000080000000, 0x0000000085400000, 0x00000000d5580000)
  object space 86016K, 8% used [0x0000000080000000,0x000000008073f9c0,0x0000000085400000)
 Metaspace       used 20827K, capacity 21130K, committed 21296K, reserved 1069056K
  class space    used 2334K, capacity 2427K, committed 2432K, reserved 1048576K
Event: 1.890 GC heap after
Heap after GC invocations=8 (full 1):
 PSYoungGen      total 139264K, used 0K [0x00000000d5580000, 0x00000000e6580000, 0x0000000100000000)
  eden space 129536K, 0% used [0x00000000d5580000,0x00000000d5580000,0x00000000dd400000)
  from space 9728K, 0% used [0x00000000dd400000,0x00000000dd400000,0x00000000ddd80000)
  to   space 9728K, 0% used [0x00000000e5c00000,0x00000000e5c00000,0x00000000e6580000)
 ParOldGen       total 56320K, used 8570K [0x0000000080000000, 0x0000000083700000, 0x00000000d5580000)
  object space 56320K, 15% used [0x0000000080000000,0x000000008085e828,0x0000000083700000)
 Metaspace       used 20827K, capacity 21130K, committed 21296K, reserved 1069056K
  class space    used 2334K, capacity 2427K, committed 2432K, reserved 1048576K
}
Event: 2.441 GC heap before
{Heap before GC invocations=9 (full 1):
 PSYoungGen      total 139264K, used 129536K [0x00000000d5580000, 0x00000000e6580000, 0x0000000100000000)
  eden space 129536K, 100% used [0x00000000d5580000,0x00000000dd400000,0x00000000dd400000)
  from space 9728K, 0% used [0x00000000dd400000,0x00000000dd400000,0x00000000ddd80000)
  to   space 9728K, 0% used [0x00000000e5c00000,0x00000000e5c00000,0x00000000e6580000)
 ParOldGen       total 56320K, used 8570K [0x0000000080000000, 0x0000000083700000, 0x00000000d5580000)
  object space 56320K, 15% used [0x0000000080000000,0x000000008085e828,0x0000000083700000)
 Metaspace       used 21734K, capacity 22194K, committed 22320K, reserved 1069056K
  class space    used 2421K, capacity 2566K, committed 2688K, reserved 1048576K
Event: 2.444 GC heap after
Heap after GC invocations=9 (full 1):
 PSYoungGen      total 210944K, used 3168K [0x00000000d5580000, 0x00000000e5f80000, 0x0000000100000000)
  eden space 207360K, 0% used [0x00000000d5580000,0x00000000d5580000,0x00000000e2000000)
  from space 3584K, 88% used [0x00000000e5c00000,0x00000000e5f18150,0x00000000e5f80000)
  to   space 9728K, 0% used [0x00000000e4c80000,0x00000000e4c80000,0x00000000e5600000)
 ParOldGen       total 56320K, used 8570K [0x0000000080000000, 0x0000000083700000, 0x00000000d5580000)
  object space 56320K, 15% used [0x0000000080000000,0x000000008085e828,0x0000000083700000)
 Metaspace       used 21734K, capacity 22194K, committed 22320K, reserved 1069056K
  class space    used 2421K, capacity 2566K, committed 2688K, reserved 1048576K
}
Event: 3.299 GC heap before
{Heap before GC invocations=10 (full 1):
 PSYoungGen      total 210944K, used 210528K [0x00000000d5580000, 0x00000000e5f80000, 0x0000000100000000)
  eden space 207360K, 100% used [0x00000000d5580000,0x00000000e2000000,0x00000000e2000000)
  from space 3584K, 88% used [0x00000000e5c00000,0x00000000e5f18150,0x00000000e5f80000)
  to   space 9728K, 0% used [0x00000000e4c80000,0x00000000e4c80000,0x00000000e5600000)
 ParOldGen       total 56320K, used 8570K [0x0000000080000000, 0x0000000083700000, 0x00000000d5580000)
  object space 56320K, 15% used [0x0000000080000000,0x000000008085e828,0x0000000083700000)
 Metaspace       used 26098K, capacity 26600K, committed 26880K, reserved 1073152K
  class space    used 2901K, capacity 3048K, committed 3072K, reserved 1048576K
Event: 3.306 GC heap after
Heap after GC invocations=10 (full 1):
 PSYoungGen      total 262656K, used 9717K [0x00000000d5580000, 0x00000000e7a80000, 0x0000000100000000)
  eden space 252928K, 0% used [0x00000000d5580000,0x00000000d5580000,0x00000000e4c80000)
  from space 9728K, 99% used [0x00000000e4c80000,0x00000000e55fd468,0x00000000e5600000)
  to   space 11776K, 0% used [0x00000000e6f00000,0x00000000e6f00000,0x00000000e7a80000)
 ParOldGen       total 56320K, used 10771K [0x0000000080000000, 0x0000000083700000, 0x00000000d5580000)
  object space 56320K, 19% used [0x0000000080000000,0x0000000080a84e40,0x0000000083700000)
 Metaspace       used 26098K, capacity 26600K, committed 26880K, reserved 1073152K
  class space    used 2901K, capacity 3048K, committed 3072K, reserved 1048576K
}

